Fetching network for: Nancy, France
Graph downloaded successfully
Nodes: 1333
Edges: 2771
Candidate intersections: 1333
Routes prepared: 40
Vehicles scheduled: 1646

>>> Analyzing Bengaluru <<<
Fetching 1km patch around Cubbon Park, Bengaluru, India...
Calculating Centrality for Bengaluru...
  Testing Betweenness...
  Testing Closeness...
  Testing Degree...
  Testing PageRank...

>>> Analyzing Berlin <<<
Fetching 1km patch around Brandenburg Gate, Berlin, Germany...
Calculating Centrality for Berlin...
  Testing Betweenness...
  Testing Closeness...
  Testing Degree...
  Testing PageRank...

>>> Analyzing London <<<
Fetching 1km patch around Trafalgar Square, London, UK...
Calculating Centrality for London...
  Testing Betweenness...
  Testing Closeness...
  Testing Degree...
  Testing PageRank...

>>> Analyzing Sydney <<<
Fetching 1km patch around Sydney Opera House, Sydney, Australia...
Calculating Centrality for Sydney...
  Testing Betweenness...
  Testing Closeness...
  Testing Degree...
  Testing PageRank...

============================================================
MULTI-CITY CENTRALITY COMPARISON
============================================================
Measure    Betweenness   Closeness      Degree    PageRank
City                                                      
Bengaluru   120.540541  121.043478  121.111111  120.545455
Berlin      121.077844  123.571429  120.359281  122.818792
London      121.714286  120.550459  122.264151  120.000000
Sydney      141.033210  140.077821  143.773585  146.265060
============================================================

Comparison plot saved as 'multi_city_centrality_comparison.png'
